2024-01-15 13:29:17,478 INFO o.s.b.StartupInfoLogger [main] Starting ArticleApplication using Java 19.0.1 with PID 12904 (C:\Users\LG\Desktop\techit-project\spring boot\likelion-backend-8-config\build\classes\java\main started by LG in C:\Users\LG\Desktop\techit-project\spring boot\likelion-backend-8-config)
2024-01-15 13:29:17,503 INFO o.s.b.SpringApplication [main] No active profile set, falling back to 1 default profile: "default"
2024-01-15 13:29:22,167 INFO o.s.d.r.c.RepositoryConfigurationDelegate [main] Bootstrapping Spring Data JPA repositories in DEFAULT mode.
2024-01-15 13:29:22,556 INFO o.s.d.r.c.RepositoryConfigurationDelegate [main] Finished Spring Data repository scanning in 330 ms. Found 2 JPA repository interfaces.
2024-01-15 13:29:26,306 INFO o.s.b.w.e.t.TomcatWebServer [main] Tomcat initialized with port 8080 (http)
2024-01-15 13:29:26,389 INFO o.a.j.l.DirectJDKLog [main] Initializing ProtocolHandler ["http-nio-8080"]
2024-01-15 13:29:26,405 INFO o.a.j.l.DirectJDKLog [main] Starting service [Tomcat]
2024-01-15 13:29:26,406 INFO o.a.j.l.DirectJDKLog [main] Starting Servlet engine: [Apache Tomcat/10.1.17]
2024-01-15 13:29:26,769 INFO o.a.j.l.DirectJDKLog [main] Initializing Spring embedded WebApplicationContext
2024-01-15 13:29:26,779 INFO o.s.b.w.s.c.ServletWebServerApplicationContext [main] Root WebApplicationContext: initialization completed in 9082 ms
2024-01-15 13:29:27,527 INFO o.h.j.i.u.LogHelper [main] HHH000204: Processing PersistenceUnitInfo [name: default]
2024-01-15 13:29:28,991 INFO o.h.Version [main] HHH000412: Hibernate ORM core version 6.4.1.Final
2024-01-15 13:29:30,304 INFO o.h.c.i.RegionFactoryInitiator [main] HHH000026: Second-level cache disabled
2024-01-15 13:29:31,448 INFO o.s.o.j.p.SpringPersistenceUnitInfo [main] No LoadTimeWeaver setup: ignoring JPA class transformer
2024-01-15 13:29:31,572 INFO c.z.h.HikariDataSource [main] HikariPool-1 - Starting...
2024-01-15 13:29:31,992 INFO c.z.h.p.HikariPool [main] HikariPool-1 - Added connection org.sqlite.jdbc4.JDBC4Connection@25470477
2024-01-15 13:29:32,001 INFO c.z.h.HikariDataSource [main] HikariPool-1 - Start completed.
2024-01-15 13:29:37,352 INFO o.h.e.t.j.p.i.JtaPlatformInitiator [main] HHH000489: No JTA platform available (set 'hibernate.transaction.jta.platform' to enable JTA platform integration)
2024-01-15 13:29:37,739 INFO o.s.o.j.AbstractEntityManagerFactoryBean [main] Initialized JPA EntityManagerFactory for persistence unit 'default'
2024-01-15 13:29:39,487 WARN o.s.b.a.o.j.JpaBaseConfiguration$JpaWebConfiguration [main] spring.jpa.open-in-view is enabled by default. Therefore, database queries may be performed during view rendering. Explicitly configure spring.jpa.open-in-view to disable this warning
2024-01-15 13:29:39,599 INFO o.s.b.a.w.s.WelcomePageHandlerMapping [main] Adding welcome page template: index
2024-01-15 13:29:41,223 INFO o.a.j.l.DirectJDKLog [main] Starting ProtocolHandler ["http-nio-8080"]
2024-01-15 13:29:41,352 INFO o.s.b.w.e.t.TomcatWebServer [main] Tomcat started on port 8080 (http) with context path ''
2024-01-15 13:29:41,398 INFO o.s.b.StartupInfoLogger [main] Started ArticleApplication in 26.295 seconds (process running for 30.901)
2024-01-15 13:30:22,432 INFO o.s.o.j.AbstractEntityManagerFactoryBean [SpringApplicationShutdownHook] Closing JPA EntityManagerFactory for persistence unit 'default'
2024-01-15 13:30:22,439 INFO c.z.h.HikariDataSource [SpringApplicationShutdownHook] HikariPool-1 - Shutdown initiated...
2024-01-15 13:30:23,600 INFO c.z.h.HikariDataSource [SpringApplicationShutdownHook] HikariPool-1 - Shutdown completed.
2024-01-15 14:31:59,769 INFO o.s.b.StartupInfoLogger [main] Starting ArticleApplication using Java 19.0.1 with PID 6788 (C:\Users\LG\Desktop\techit-project\spring boot\likelion-backend-8-config\build\classes\java\main started by LG in C:\Users\LG\Desktop\techit-project\spring boot\likelion-backend-8-config)
2024-01-15 14:31:59,788 INFO o.s.b.SpringApplication [main] The following 1 profile is active: "test"
2024-01-15 14:32:07,227 INFO o.s.d.r.c.RepositoryConfigurationDelegate [main] Bootstrapping Spring Data JPA repositories in DEFAULT mode.
2024-01-15 14:32:08,032 INFO o.s.d.r.c.RepositoryConfigurationDelegate [main] Finished Spring Data repository scanning in 455 ms. Found 2 JPA repository interfaces.
2024-01-15 14:32:11,329 INFO o.s.b.w.e.t.TomcatWebServer [main] Tomcat initialized with port 8080 (http)
2024-01-15 14:32:11,399 INFO o.a.j.l.DirectJDKLog [main] Initializing ProtocolHandler ["http-nio-8080"]
2024-01-15 14:32:11,407 INFO o.a.j.l.DirectJDKLog [main] Starting service [Tomcat]
2024-01-15 14:32:11,409 INFO o.a.j.l.DirectJDKLog [main] Starting Servlet engine: [Apache Tomcat/10.1.17]
2024-01-15 14:32:11,639 INFO o.a.j.l.DirectJDKLog [main] Initializing Spring embedded WebApplicationContext
2024-01-15 14:32:11,643 INFO o.s.b.w.s.c.ServletWebServerApplicationContext [main] Root WebApplicationContext: initialization completed in 11497 ms
2024-01-15 14:32:12,232 INFO c.z.h.HikariDataSource [main] HikariPool-1 - Starting...
2024-01-15 14:32:13,774 INFO c.z.h.p.HikariPool [main] HikariPool-1 - Added connection conn0: url=jdbc:h2:mem:testdb user=SA
2024-01-15 14:32:13,881 INFO c.z.h.HikariDataSource [main] HikariPool-1 - Start completed.
2024-01-15 14:32:14,227 INFO o.h.j.i.u.LogHelper [main] HHH000204: Processing PersistenceUnitInfo [name: default]
2024-01-15 14:32:15,040 INFO o.h.Version [main] HHH000412: Hibernate ORM core version 6.4.1.Final
2024-01-15 14:32:15,540 INFO o.h.c.i.RegionFactoryInitiator [main] HHH000026: Second-level cache disabled
2024-01-15 14:32:17,836 INFO o.s.o.j.p.SpringPersistenceUnitInfo [main] No LoadTimeWeaver setup: ignoring JPA class transformer
2024-01-15 14:32:18,418 WARN o.h.e.j.d.i.DialectFactoryImpl [main] HHH90000025: H2Dialect does not need to be specified explicitly using 'hibernate.dialect' (remove the property setting and it will be selected by default)
2024-01-15 14:32:22,878 INFO o.h.e.t.j.p.i.JtaPlatformInitiator [main] HHH000489: No JTA platform available (set 'hibernate.transaction.jta.platform' to enable JTA platform integration)
2024-01-15 14:32:23,023 INFO o.s.o.j.AbstractEntityManagerFactoryBean [main] Initialized JPA EntityManagerFactory for persistence unit 'default'
2024-01-15 14:32:24,919 WARN o.s.b.a.o.j.JpaBaseConfiguration$JpaWebConfiguration [main] spring.jpa.open-in-view is enabled by default. Therefore, database queries may be performed during view rendering. Explicitly configure spring.jpa.open-in-view to disable this warning
2024-01-15 14:32:25,089 INFO o.s.b.a.w.s.WelcomePageHandlerMapping [main] Adding welcome page template: index
2024-01-15 14:32:26,676 INFO o.s.b.w.e.t.TomcatWebServer [main] Tomcat started on port 8080 (http) with context path ''
2024-01-15 14:32:26,726 INFO o.s.b.StartupInfoLogger [main] Started ArticleApplication in 29.409 seconds (process running for 34.222)
2024-01-15 14:32:26,820 INFO o.s.o.j.AbstractEntityManagerFactoryBean [SpringApplicationShutdownHook] Closing JPA EntityManagerFactory for persistence unit 'default'
2024-01-15 14:32:26,835 INFO c.z.h.HikariDataSource [SpringApplicationShutdownHook] HikariPool-1 - Shutdown initiated...
2024-01-15 14:32:26,840 INFO c.z.h.HikariDataSource [SpringApplicationShutdownHook] HikariPool-1 - Shutdown completed.
2024-01-15 14:34:40,265 INFO o.s.b.StartupInfoLogger [main] Starting ArticleApplication using Java 19.0.1 with PID 4876 (C:\Users\LG\Desktop\techit-project\spring boot\likelion-backend-8-config\build\classes\java\main started by LG in C:\Users\LG\Desktop\techit-project\spring boot\likelion-backend-8-config)
2024-01-15 14:34:40,399 DEBUG o.s.b.StartupInfoLogger [main] Running with Spring Boot v3.2.1, Spring v6.1.2
2024-01-15 14:34:40,530 INFO o.s.b.SpringApplication [main] The following 1 profile is active: "dev"
2024-01-15 14:34:44,725 INFO o.s.d.r.c.RepositoryConfigurationDelegate [main] Bootstrapping Spring Data JPA repositories in DEFAULT mode.
2024-01-15 14:34:44,996 INFO o.s.d.r.c.RepositoryConfigurationDelegate [main] Finished Spring Data repository scanning in 220 ms. Found 2 JPA repository interfaces.
